<?xml version="1.0" encoding="UTF-8"?>
<!-- Generated by org.testng.reporters.JUnitXMLReporter -->
<testsuite ignored="0" hostname="Chetan" failures="1" tests="2" name="Cucumber Tests" time="20.013" errors="0" timestamp="2023-10-02T13:00:32 IST">
  <testcase classname="io.cucumber.testng.AbstractTestNGCucumberTests" name="runScenario" time="10.074"/>
  <testcase classname="io.cucumber.testng.AbstractTestNGCucumberTests" name="runScenario" time="8.348">
    <failure type="io.cucumber.testng.UndefinedStepException" message="The step &amp;apos;User should see &amp;quot;I should see &amp;quot;Login was unsuccessful. Please correct the errors and try again.The credentials provided are incorrect&amp;quot;&amp;quot;&amp;apos; is undefined.
You can implement this step using the snippet(s) below:

@Then(&amp;quot;User should see \&amp;quot;I should see \&amp;quot;Login was unsuccessful. Please correct the errors and try again.The credentials provided are incorrect\&amp;quot;\&amp;quot;&amp;quot;)
public void user_should_see_i_should_see_login_was_unsuccessful_please_correct_the_errors_and_try_again_the_credentials_provided_are_incorrect() {
    // Write code here that turns the phrase above into concrete actions
    throw new io.cucumber.java.PendingException();
}
">
      <![CDATA[io.cucumber.testng.UndefinedStepException: The step 'User should see "I should see "Login was unsuccessful. Please correct the errors and try again.The credentials provided are incorrect""' is undefined.
You can implement this step using the snippet(s) below:

@Then("User should see \"I should see \"Login was unsuccessful. Please correct the errors and try again.The credentials provided are incorrect\"\"")
public void user_should_see_i_should_see_login_was_unsuccessful_please_correct_the_errors_and_try_again_the_credentials_provided_are_incorrect() {
    // Write code here that turns the phrase above into concrete actions
    throw new io.cucumber.java.PendingException();
}

at io.cucumber.core.runtime.TestCaseResultObserver.assertTestCasePassed(TestCaseResultObserver.java:69)
at io.cucumber.testng.TestCaseResultObserver.assertTestCasePassed(TestCaseResultObserver.java:23)
at io.cucumber.testng.TestNGCucumberRunner.lambda$runScenario$1(TestNGCucumberRunner.java:133)
at io.cucumber.core.runtime.CucumberExecutionContext.lambda$runTestCase$5(CucumberExecutionContext.java:137)
at io.cucumber.core.runtime.RethrowingThrowableCollector.executeAndThrow(RethrowingThrowableCollector.java:23)
at io.cucumber.core.runtime.CucumberExecutionContext.runTestCase(CucumberExecutionContext.java:137)
at io.cucumber.testng.TestNGCucumberRunner.runScenario(TestNGCucumberRunner.java:129)
at io.cucumber.testng.AbstractTestNGCucumberTests.runScenario(AbstractTestNGCucumberTests.java:35)
at java.base/java.util.ArrayList.forEach(ArrayList.java:1511)
... Removed 31 stack frames]]>
    </failure>
  </testcase> <!-- runScenario -->
</testsuite> <!-- Cucumber Tests -->
